Start testing: Mar 22 12:10 CET
----------------------------------------------------------
1/5 Testing: CalculatorTest.AddWorks
1/5 Test: CalculatorTest.AddWorks
Command: "/home/asmel/developer/programming-part-2/programming-part-2/build/tests/calculator_tests" "--gtest_filter=CalculatorTest.AddWorks" "--gtest_also_run_disabled_tests"
Directory: /home/asmel/developer/programming-part-2/programming-part-2/build/tests
"CalculatorTest.AddWorks" start time: Mar 22 12:10 CET
Output:
----------------------------------------------------------
Running main() from /home/asmel/developer/programming-part-2/programming-part-2/build/_deps/googletest-src/googletest/src/gtest_main.cc
Note: Google Test filter = CalculatorTest.AddWorks
[==========] Running 1 test from 1 test suite.
[----------] Global test environment set-up.
[----------] 1 test from CalculatorTest
[ RUN      ] CalculatorTest.AddWorks
[       OK ] CalculatorTest.AddWorks (0 ms)
[----------] 1 test from CalculatorTest (0 ms total)

[----------] Global test environment tear-down
[==========] 1 test from 1 test suite ran. (0 ms total)
[  PASSED  ] 1 test.
<end of output>
Test time =   0.00 sec
----------------------------------------------------------
Test Passed.
"CalculatorTest.AddWorks" end time: Mar 22 12:10 CET
"CalculatorTest.AddWorks" time elapsed: 00:00:00
----------------------------------------------------------

2/5 Testing: CalculatorTest.SubWorks
2/5 Test: CalculatorTest.SubWorks
Command: "/home/asmel/developer/programming-part-2/programming-part-2/build/tests/calculator_tests" "--gtest_filter=CalculatorTest.SubWorks" "--gtest_also_run_disabled_tests"
Directory: /home/asmel/developer/programming-part-2/programming-part-2/build/tests
"CalculatorTest.SubWorks" start time: Mar 22 12:10 CET
Output:
----------------------------------------------------------
Running main() from /home/asmel/developer/programming-part-2/programming-part-2/build/_deps/googletest-src/googletest/src/gtest_main.cc
Note: Google Test filter = CalculatorTest.SubWorks
[==========] Running 1 test from 1 test suite.
[----------] Global test environment set-up.
[----------] 1 test from CalculatorTest
[ RUN      ] CalculatorTest.SubWorks
[       OK ] CalculatorTest.SubWorks (0 ms)
[----------] 1 test from CalculatorTest (0 ms total)

[----------] Global test environment tear-down
[==========] 1 test from 1 test suite ran. (0 ms total)
[  PASSED  ] 1 test.
<end of output>
Test time =   0.00 sec
----------------------------------------------------------
Test Passed.
"CalculatorTest.SubWorks" end time: Mar 22 12:10 CET
"CalculatorTest.SubWorks" time elapsed: 00:00:00
----------------------------------------------------------

3/5 Testing: CalculatorTest.MulWorks
3/5 Test: CalculatorTest.MulWorks
Command: "/home/asmel/developer/programming-part-2/programming-part-2/build/tests/calculator_tests" "--gtest_filter=CalculatorTest.MulWorks" "--gtest_also_run_disabled_tests"
Directory: /home/asmel/developer/programming-part-2/programming-part-2/build/tests
"CalculatorTest.MulWorks" start time: Mar 22 12:10 CET
Output:
----------------------------------------------------------
Running main() from /home/asmel/developer/programming-part-2/programming-part-2/build/_deps/googletest-src/googletest/src/gtest_main.cc
Note: Google Test filter = CalculatorTest.MulWorks
[==========] Running 1 test from 1 test suite.
[----------] Global test environment set-up.
[----------] 1 test from CalculatorTest
[ RUN      ] CalculatorTest.MulWorks
[       OK ] CalculatorTest.MulWorks (0 ms)
[----------] 1 test from CalculatorTest (0 ms total)

[----------] Global test environment tear-down
[==========] 1 test from 1 test suite ran. (0 ms total)
[  PASSED  ] 1 test.
<end of output>
Test time =   0.00 sec
----------------------------------------------------------
Test Passed.
"CalculatorTest.MulWorks" end time: Mar 22 12:10 CET
"CalculatorTest.MulWorks" time elapsed: 00:00:00
----------------------------------------------------------

4/5 Testing: CalculatorTest.DivWorks
4/5 Test: CalculatorTest.DivWorks
Command: "/home/asmel/developer/programming-part-2/programming-part-2/build/tests/calculator_tests" "--gtest_filter=CalculatorTest.DivWorks" "--gtest_also_run_disabled_tests"
Directory: /home/asmel/developer/programming-part-2/programming-part-2/build/tests
"CalculatorTest.DivWorks" start time: Mar 22 12:10 CET
Output:
----------------------------------------------------------
Running main() from /home/asmel/developer/programming-part-2/programming-part-2/build/_deps/googletest-src/googletest/src/gtest_main.cc
Note: Google Test filter = CalculatorTest.DivWorks
[==========] Running 1 test from 1 test suite.
[----------] Global test environment set-up.
[----------] 1 test from CalculatorTest
[ RUN      ] CalculatorTest.DivWorks
[       OK ] CalculatorTest.DivWorks (0 ms)
[----------] 1 test from CalculatorTest (0 ms total)

[----------] Global test environment tear-down
[==========] 1 test from 1 test suite ran. (0 ms total)
[  PASSED  ] 1 test.
<end of output>
Test time =   0.00 sec
----------------------------------------------------------
Test Passed.
"CalculatorTest.DivWorks" end time: Mar 22 12:10 CET
"CalculatorTest.DivWorks" time elapsed: 00:00:00
----------------------------------------------------------

5/5 Testing: CalculatorTest.DivByZeroThrows
5/5 Test: CalculatorTest.DivByZeroThrows
Command: "/home/asmel/developer/programming-part-2/programming-part-2/build/tests/calculator_tests" "--gtest_filter=CalculatorTest.DivByZeroThrows" "--gtest_also_run_disabled_tests"
Directory: /home/asmel/developer/programming-part-2/programming-part-2/build/tests
"CalculatorTest.DivByZeroThrows" start time: Mar 22 12:10 CET
Output:
----------------------------------------------------------
Running main() from /home/asmel/developer/programming-part-2/programming-part-2/build/_deps/googletest-src/googletest/src/gtest_main.cc
Note: Google Test filter = CalculatorTest.DivByZeroThrows
[==========] Running 1 test from 1 test suite.
[----------] Global test environment set-up.
[----------] 1 test from CalculatorTest
[ RUN      ] CalculatorTest.DivByZeroThrows
[       OK ] CalculatorTest.DivByZeroThrows (0 ms)
[----------] 1 test from CalculatorTest (0 ms total)

[----------] Global test environment tear-down
[==========] 1 test from 1 test suite ran. (0 ms total)
[  PASSED  ] 1 test.
<end of output>
Test time =   0.00 sec
----------------------------------------------------------
Test Passed.
"CalculatorTest.DivByZeroThrows" end time: Mar 22 12:10 CET
"CalculatorTest.DivByZeroThrows" time elapsed: 00:00:00
----------------------------------------------------------

End testing: Mar 22 12:10 CET
